<?xml version="1.0" encoding="UTF-8"?>
<!-- Generated by org.testng.reporters.JUnitXMLReporter -->
<testsuite ignored="7" hostname="LAPTOP-05EC6DSQ" failures="0" tests="2" name="Smoke" time="0.003" errors="0" timestamp="2023-05-31T00:42:24 IST">
  <testcase classname="testNg.TestNg_Learningss.Index_page" name="Register" time="0.0"/>
  <testcase classname="testNg.TestNg_Learningss.Payment" name="debitCard" time="0.0"/>
  <testcase classname="testNg.TestNg_Learningss.Cart_Manage" name="editcart" time="0.0">
    <ignored/>
  </testcase> <!-- editcart -->
  <testcase classname="testNg.TestNg_Learningss.Cart_Manage" name="removefromcart" time="0.0">
    <ignored/>
  </testcase> <!-- removefromcart -->
  <testcase classname="testNg.TestNg_Learningss.Index_page" name="login" time="0.0">
    <ignored/>
  </testcase> <!-- login -->
  <testcase classname="testNg.TestNg_Learningss.Index_page" name="logout" time="0.0">
    <ignored/>
  </testcase> <!-- logout -->
  <testcase classname="testNg.TestNg_Learningss.Payment" name="crditCard" time="0.0">
    <ignored/>
  </testcase> <!-- crditCard -->
  <testcase classname="testNg.TestNg_Learningss.Payment" name="cod" time="0.0">
    <ignored/>
  </testcase> <!-- cod -->
  <testcase classname="testNg.TestNg_Learningss.Cart_Manage" name="addtocart" time="0.0">
    <ignored/>
  </testcase> <!-- addtocart -->
</testsuite> <!-- Smoke -->
