<?xml version="1.0" encoding="UTF-8"?>
<!-- Generated by org.testng.reporters.JUnitXMLReporter -->
<testsuite ignored="0" hostname="LAPTOP-05EC6DSQ" failures="1" tests="1" name="Test" time="6.292" errors="0" timestamp="2023-06-22T22:53:12 IST">
  <testcase classname="ListenerPractical.PracticalTestListener" name="testTitle" time="5.787">
    <failure type="java.lang.AssertionError" message="expected [FB] but found [Facebook – log in or sign up]">
      <![CDATA[java.lang.AssertionError: expected [FB] but found [Facebook – log in or sign up]
at ListenerPractical.PracticalTestListener.testTitle(PracticalTestListener.java:23)
at java.base/java.util.ArrayList.forEach(ArrayList.java:1511)
... Removed 33 stack frames]]>
    </failure>
  </testcase> <!-- testTitle -->
</testsuite> <!-- Test -->
