<?xml version="1.0" encoding="UTF-8"?>
<!-- Generated by org.testng.reporters.JUnitXMLReporter -->
<testsuite ignored="0" hostname="LAPTOP-05EC6DSQ" failures="1" tests="1" name="Test3" time="0.014" errors="0" timestamp="2023-06-21T15:09:43 IST">
  <testcase classname="CrossBrowser.CrossBrowserTest" name="test" time="0.011">
    <failure type="java.lang.IllegalStateException" message="The driver executable must be a regular file: D:\Firefox\geckodriver-v0.33.0-macos-aarch64">
      <![CDATA[java.lang.IllegalStateException: The driver executable must be a regular file: D:\Firefox\geckodriver-v0.33.0-macos-aarch64
at org.openqa.selenium.internal.Require$FileStateChecker.isFile(Require.java:348)
at org.openqa.selenium.remote.service.DriverFinder.getPath(DriverFinder.java:40)
at org.openqa.selenium.firefox.FirefoxDriver.generateExecutor(FirefoxDriver.java:139)
at org.openqa.selenium.firefox.FirefoxDriver.<init>(FirefoxDriver.java:131)
at org.openqa.selenium.firefox.FirefoxDriver.<init>(FirefoxDriver.java:127)
at org.openqa.selenium.firefox.FirefoxDriver.<init>(FirefoxDriver.java:112)
at org.openqa.selenium.firefox.FirefoxDriver.<init>(FirefoxDriver.java:102)
at CrossBrowser.CrossBrowserTest.test(CrossBrowserTest.java:29)
at java.base/java.util.ArrayList.forEach(ArrayList.java:1511)
... Removed 27 stack frames]]>
    </failure>
  </testcase> <!-- test -->
</testsuite> <!-- Test3 -->
