<?xml version="1.0" encoding="UTF-8"?>
<!-- Generated by org.testng.reporters.JUnitXMLReporter -->
<testsuite ignored="0" hostname="LAPTOP-05EC6DSQ" failures="0" tests="6" name="Test 2" time="0.007" errors="0" timestamp="2023-05-30T23:36:00 IST">
  <testcase classname="testNg.TestNg_Learningss.Index_page" name="Register" time="0.001"/>
  <testcase classname="testNg.TestNg_Learningss.Index_page" name="login" time="0.001"/>
  <testcase classname="testNg.TestNg_Learningss.Index_page" name="logout" time="0.0"/>
  <testcase classname="testNg.TestNg_Learningss.Cart_Manage" name="addtocart" time="0.0"/>
  <testcase classname="testNg.TestNg_Learningss.Cart_Manage" name="editcart" time="0.0"/>
  <testcase classname="testNg.TestNg_Learningss.Cart_Manage" name="removefromcart" time="0.001"/>
</testsuite> <!-- Test 2 -->
