<?xml version="1.0" encoding="UTF-8"?>
<!-- Generated by org.testng.reporters.JUnitXMLReporter -->
<testsuite ignored="0" hostname="LAPTOP-05EC6DSQ" failures="1" tests="1" name="Test2" time="0.01" errors="0" timestamp="2023-06-21T15:09:43 IST">
  <testcase classname="CrossBrowser.CrossBrowserTest" name="test" time="0.007">
    <failure type="java.lang.IllegalStateException" message="The driver executable must be a regular file: D:\Edge Driver\edgedriver_win64 (1)">
      <![CDATA[java.lang.IllegalStateException: The driver executable must be a regular file: D:\Edge Driver\edgedriver_win64 (1)
at org.openqa.selenium.internal.Require$FileStateChecker.isFile(Require.java:348)
at org.openqa.selenium.remote.service.DriverFinder.getPath(DriverFinder.java:40)
at org.openqa.selenium.edge.EdgeDriver.generateExecutor(EdgeDriver.java:70)
at org.openqa.selenium.edge.EdgeDriver.<init>(EdgeDriver.java:60)
at org.openqa.selenium.edge.EdgeDriver.<init>(EdgeDriver.java:56)
at org.openqa.selenium.edge.EdgeDriver.<init>(EdgeDriver.java:48)
at org.openqa.selenium.edge.EdgeDriver.<init>(EdgeDriver.java:44)
at CrossBrowser.CrossBrowserTest.test(CrossBrowserTest.java:23)
at java.base/java.util.ArrayList.forEach(ArrayList.java:1511)
... Removed 27 stack frames]]>
    </failure>
  </testcase> <!-- test -->
</testsuite> <!-- Test2 -->
